<?xml version="1.0" encoding="UTF-8" ?>
<testsuite failures="2" time="0.509" errors="0" skipped="0" tests="4" name="com.marzeta.wfengine.service.ActivityEngineTest">
  <properties>
[...]
</properties>
  <testcase time="0.102" classname="com.marzeta.wfengine.service.ActivityEngineTest" name="testRunWithNoActivities">
    <failure message="expected:&lt;1&gt; but was:&lt;0&gt;" type="java.lang.AssertionError">java.lang.AssertionError: expected:&lt;1&gt; but was:&lt;0&gt;
	at org.junit.Assert.fail(Assert.java:91)
	at org.junit.Assert.failNotEquals(Assert.java:645)
	at org.junit.Assert.assertEquals(Assert.java:126)
	at org.junit.Assert.assertEquals(Assert.java:470)
	at org.junit.Assert.assertEquals(Assert.java:454)
	at com.marzeta.wfengine.service.ActivityEngineTest.testRunWithNoActivities(ActivityEngineTest.java:33)
	at sun.reflect.NativeMethodAccessorImpl.invoke0(Native Method)
	at sun.reflect.NativeMethodAccessorImpl.invoke(NativeMethodAccessorImpl.java:57)
	at sun.reflect.DelegatingMethodAccessorImpl.invoke(DelegatingMethodAccessorImpl.java:43)
	at java.lang.reflect.Method.invoke(Method.java:601)
	at org.junit.runners.model.FrameworkMethod$1.runReflectiveCall(FrameworkMethod.java:44)
	at org.junit.internal.runners.model.ReflectiveCallable.run(ReflectiveCallable.java:15)
	at org.junit.runners.model.FrameworkMethod.invokeExplosively(FrameworkMethod.java:41)
	at org.junit.internal.runners.statements.InvokeMethod.evaluate(InvokeMethod.java:20)
	at org.junit.internal.runners.statements.RunBefores.evaluate(RunBefores.java:28)
	at org.junit.runners.BlockJUnit4ClassRunner.runNotIgnored(BlockJUnit4ClassRunner.java:79)
	at org.junit.runners.BlockJUnit4ClassRunner.runChild(BlockJUnit4ClassRunner.java:71)
	at org.junit.runners.BlockJUnit4ClassRunner.runChild(BlockJUnit4ClassRunner.java:49)
	at org.junit.runners.ParentRunner$3.run(ParentRunner.java:193)
	at org.junit.runners.ParentRunner$1.schedule(ParentRunner.java:52)
	at org.junit.runners.ParentRunner.runChildren(ParentRunner.java:191)
	at org.junit.runners.ParentRunner.access$000(ParentRunner.java:42)
	at org.junit.runners.ParentRunner$2.evaluate(ParentRunner.java:184)
	at org.junit.runners.ParentRunner.run(ParentRunner.java:236)
	at org.apache.maven.surefire.junit4.JUnit4Provider.execute(JUnit4Provider.java:252)
	at org.apache.maven.surefire.junit4.JUnit4Provider.executeTestSet(JUnit4Provider.java:141)
	at org.apache.maven.surefire.junit4.JUnit4Provider.invoke(JUnit4Provider.java:112)
	at sun.reflect.NativeMethodAccessorImpl.invoke0(Native Method)
	at sun.reflect.NativeMethodAccessorImpl.invoke(NativeMethodAccessorImpl.java:57)
	at sun.reflect.DelegatingMethodAccessorImpl.invoke(DelegatingMethodAccessorImpl.java:43)
	at java.lang.reflect.Method.invoke(Method.java:601)
	at org.apache.maven.surefire.util.ReflectionUtils.invokeMethodWithArray(ReflectionUtils.java:189)
	at org.apache.maven.surefire.booter.ProviderFactory$ProviderProxy.invoke(ProviderFactory.java:165)
	at org.apache.maven.surefire.booter.ProviderFactory.invokeProvider(ProviderFactory.java:85)
	at org.apache.maven.surefire.booter.ForkedBooter.runSuitesInProcess(ForkedBooter.java:115)
	at org.apache.maven.surefire.booter.ForkedBooter.main(ForkedBooter.java:75)
</failure>
    <system-err>java.io.FileNotFoundException: properties.txt (The system cannot find the file specified)
	at java.io.FileInputStream.open(Native Method)
	at java.io.FileInputStream.&lt;init&gt;(FileInputStream.java:138)
	at java.io.FileInputStream.&lt;init&gt;(FileInputStream.java:97)
	at com.marzeta.wfengine.service.ActivityEngine.readPropertiesFile(ActivityEngine.java:70)
	at com.marzeta.wfengine.service.ActivityEngine.&lt;init&gt;(ActivityEngine.java:23)
	at com.marzeta.wfengine.service.ActivityEngineTest$ActivityEngineWithNoActivities.&lt;init&gt;(ActivityEngineTest.java:50)
	at com.marzeta.wfengine.service.ActivityEngineTest.testRunWithNoActivities(ActivityEngineTest.java:30)
	at sun.reflect.NativeMethodAccessorImpl.invoke0(Native Method)
	at sun.reflect.NativeMethodAccessorImpl.invoke(NativeMethodAccessorImpl.java:57)
	at sun.reflect.DelegatingMethodAccessorImpl.invoke(DelegatingMethodAccessorImpl.java:43)
	at java.lang.reflect.Method.invoke(Method.java:601)
	at org.junit.runners.model.FrameworkMethod$1.runReflectiveCall(FrameworkMethod.java:44)
	at org.junit.internal.runners.model.ReflectiveCallable.run(ReflectiveCallable.java:15)
	at org.junit.runners.model.FrameworkMethod.invokeExplosively(FrameworkMethod.java:41)
	at org.junit.internal.runners.statements.InvokeMethod.evaluate(InvokeMethod.java:20)
	at org.junit.internal.runners.statements.RunBefores.evaluate(RunBefores.java:28)
	at org.junit.runners.BlockJUnit4ClassRunner.runNotIgnored(BlockJUnit4ClassRunner.java:79)
	at org.junit.runners.BlockJUnit4ClassRunner.runChild(BlockJUnit4ClassRunner.java:71)
	at org.junit.runners.BlockJUnit4ClassRunner.runChild(BlockJUnit4ClassRunner.java:49)
	at org.junit.runners.ParentRunner$3.run(ParentRunner.java:193)
	at org.junit.runners.ParentRunner$1.schedule(ParentRunner.java:52)
	at org.junit.runners.ParentRunner.runChildren(ParentRunner.java:191)
	at org.junit.runners.ParentRunner.access$000(ParentRunner.java:42)
	at org.junit.runners.ParentRunner$2.evaluate(ParentRunner.java:184)
	at org.junit.runners.ParentRunner.run(ParentRunner.java:236)
	at org.apache.maven.surefire.junit4.JUnit4Provider.execute(JUnit4Provider.java:252)
	at org.apache.maven.surefire.junit4.JUnit4Provider.executeTestSet(JUnit4Provider.java:141)
	at org.apache.maven.surefire.junit4.JUnit4Provider.invoke(JUnit4Provider.java:112)
	at sun.reflect.NativeMethodAccessorImpl.invoke0(Native Method)
	at sun.reflect.NativeMethodAccessorImpl.invoke(NativeMethodAccessorImpl.java:57)
	at sun.reflect.DelegatingMethodAccessorImpl.invoke(DelegatingMethodAccessorImpl.java:43)
	at java.lang.reflect.Method.invoke(Method.java:601)
	at org.apache.maven.surefire.util.ReflectionUtils.invokeMethodWithArray(ReflectionUtils.java:189)
	at org.apache.maven.surefire.booter.ProviderFactory$ProviderProxy.invoke(ProviderFactory.java:165)
	at org.apache.maven.surefire.booter.ProviderFactory.invokeProvider(ProviderFactory.java:85)
	at org.apache.maven.surefire.booter.ForkedBooter.runSuitesInProcess(ForkedBooter.java:115)
	at org.apache.maven.surefire.booter.ForkedBooter.main(ForkedBooter.java:75)
INFO -:- com.marzeta.wfengine.service.ActivityEngine.run -:- Starting engine &apos;ActivityEngineWithNoActivities&apos;...
WARNING -:- com.marzeta.wfengine.service.ActivityEngine.process -:- No activities found, aborting...
INFO -:- com.marzeta.wfengine.service.ActivityEngine.run -:- Stoping engine &apos;ActivityEngineWithNoActivities&apos;...

</system-err>
  </testcase>
  <testcase time="0.249" classname="com.marzeta.wfengine.service.ActivityEngineTest" name="testRunWithWorkflow">
    <failure message="expected:&lt;1&gt; but was:&lt;0&gt;" type="java.lang.AssertionError">java.lang.AssertionError: expected:&lt;1&gt; but was:&lt;0&gt;
	at org.junit.Assert.fail(Assert.java:91)
	at org.junit.Assert.failNotEquals(Assert.java:645)
	at org.junit.Assert.assertEquals(Assert.java:126)
	at org.junit.Assert.assertEquals(Assert.java:470)
	at org.junit.Assert.assertEquals(Assert.java:454)
	at com.marzeta.wfengine.service.ActivityEngineTest.testRunWithWorkflow(ActivityEngineTest.java:109)
	at sun.reflect.NativeMethodAccessorImpl.invoke0(Native Method)
	at sun.reflect.NativeMethodAccessorImpl.invoke(NativeMethodAccessorImpl.java:57)
	at sun.reflect.DelegatingMethodAccessorImpl.invoke(DelegatingMethodAccessorImpl.java:43)
	at java.lang.reflect.Method.invoke(Method.java:601)
	at org.junit.runners.model.FrameworkMethod$1.runReflectiveCall(FrameworkMethod.java:44)
	at org.junit.internal.runners.model.ReflectiveCallable.run(ReflectiveCallable.java:15)
	at org.junit.runners.model.FrameworkMethod.invokeExplosively(FrameworkMethod.java:41)
	at org.junit.internal.runners.statements.InvokeMethod.evaluate(InvokeMethod.java:20)
	at org.junit.internal.runners.statements.RunBefores.evaluate(RunBefores.java:28)
	at org.junit.runners.BlockJUnit4ClassRunner.runNotIgnored(BlockJUnit4ClassRunner.java:79)
	at org.junit.runners.BlockJUnit4ClassRunner.runChild(BlockJUnit4ClassRunner.java:71)
	at org.junit.runners.BlockJUnit4ClassRunner.runChild(BlockJUnit4ClassRunner.java:49)
	at org.junit.runners.ParentRunner$3.run(ParentRunner.java:193)
	at org.junit.runners.ParentRunner$1.schedule(ParentRunner.java:52)
	at org.junit.runners.ParentRunner.runChildren(ParentRunner.java:191)
	at org.junit.runners.ParentRunner.access$000(ParentRunner.java:42)
	at org.junit.runners.ParentRunner$2.evaluate(ParentRunner.java:184)
	at org.junit.runners.ParentRunner.run(ParentRunner.java:236)
	at org.apache.maven.surefire.junit4.JUnit4Provider.execute(JUnit4Provider.java:252)
	at org.apache.maven.surefire.junit4.JUnit4Provider.executeTestSet(JUnit4Provider.java:141)
	at org.apache.maven.surefire.junit4.JUnit4Provider.invoke(JUnit4Provider.java:112)
	at sun.reflect.NativeMethodAccessorImpl.invoke0(Native Method)
	at sun.reflect.NativeMethodAccessorImpl.invoke(NativeMethodAccessorImpl.java:57)
	at sun.reflect.DelegatingMethodAccessorImpl.invoke(DelegatingMethodAccessorImpl.java:43)
	at java.lang.reflect.Method.invoke(Method.java:601)
	at org.apache.maven.surefire.util.ReflectionUtils.invokeMethodWithArray(ReflectionUtils.java:189)
	at org.apache.maven.surefire.booter.ProviderFactory$ProviderProxy.invoke(ProviderFactory.java:165)
	at org.apache.maven.surefire.booter.ProviderFactory.invokeProvider(ProviderFactory.java:85)
	at org.apache.maven.surefire.booter.ForkedBooter.runSuitesInProcess(ForkedBooter.java:115)
	at org.apache.maven.surefire.booter.ForkedBooter.main(ForkedBooter.java:75)
</failure>
    <system-out>Doing something with a result = null

</system-out>
    <system-err>java.io.FileNotFoundException: properties.txt (The system cannot find the file specified)
	at java.io.FileInputStream.open(Native Method)
	at java.io.FileInputStream.&lt;init&gt;(FileInputStream.java:138)
	at java.io.FileInputStream.&lt;init&gt;(FileInputStream.java:97)
	at com.marzeta.wfengine.service.ActivityEngine.readPropertiesFile(ActivityEngine.java:70)
	at com.marzeta.wfengine.service.ActivityEngine.&lt;init&gt;(ActivityEngine.java:23)
	at com.marzeta.wfengine.service.TestWorkflowEngine.&lt;init&gt;(TestWorkflowEngine.java:18)
	at com.marzeta.wfengine.service.ActivityEngineTest.testRunWithWorkflow(ActivityEngineTest.java:106)
	at sun.reflect.NativeMethodAccessorImpl.invoke0(Native Method)
	at sun.reflect.NativeMethodAccessorImpl.invoke(NativeMethodAccessorImpl.java:57)
	at sun.reflect.DelegatingMethodAccessorImpl.invoke(DelegatingMethodAccessorImpl.java:43)
	at java.lang.reflect.Method.invoke(Method.java:601)
	at org.junit.runners.model.FrameworkMethod$1.runReflectiveCall(FrameworkMethod.java:44)
	at org.junit.internal.runners.model.ReflectiveCallable.run(ReflectiveCallable.java:15)
	at org.junit.runners.model.FrameworkMethod.invokeExplosively(FrameworkMethod.java:41)
	at org.junit.internal.runners.statements.InvokeMethod.evaluate(InvokeMethod.java:20)
	at org.junit.internal.runners.statements.RunBefores.evaluate(RunBefores.java:28)
	at org.junit.runners.BlockJUnit4ClassRunner.runNotIgnored(BlockJUnit4ClassRunner.java:79)
	at org.junit.runners.BlockJUnit4ClassRunner.runChild(BlockJUnit4ClassRunner.java:71)
	at org.junit.runners.BlockJUnit4ClassRunner.runChild(BlockJUnit4ClassRunner.java:49)
	at org.junit.runners.ParentRunner$3.run(ParentRunner.java:193)
	at org.junit.runners.ParentRunner$1.schedule(ParentRunner.java:52)
	at org.junit.runners.ParentRunner.runChildren(ParentRunner.java:191)
	at org.junit.runners.ParentRunner.access$000(ParentRunner.java:42)
	at org.junit.runners.ParentRunner$2.evaluate(ParentRunner.java:184)
	at org.junit.runners.ParentRunner.run(ParentRunner.java:236)
	at org.apache.maven.surefire.junit4.JUnit4Provider.execute(JUnit4Provider.java:252)
	at org.apache.maven.surefire.junit4.JUnit4Provider.executeTestSet(JUnit4Provider.java:141)
	at org.apache.maven.surefire.junit4.JUnit4Provider.invoke(JUnit4Provider.java:112)
	at sun.reflect.NativeMethodAccessorImpl.invoke0(Native Method)
	at sun.reflect.NativeMethodAccessorImpl.invoke(NativeMethodAccessorImpl.java:57)
	at sun.reflect.DelegatingMethodAccessorImpl.invoke(DelegatingMethodAccessorImpl.java:43)
	at java.lang.reflect.Method.invoke(Method.java:601)
	at org.apache.maven.surefire.util.ReflectionUtils.invokeMethodWithArray(ReflectionUtils.java:189)
	at org.apache.maven.surefire.booter.ProviderFactory$ProviderProxy.invoke(ProviderFactory.java:165)
	at org.apache.maven.surefire.booter.ProviderFactory.invokeProvider(ProviderFactory.java:85)
	at org.apache.maven.surefire.booter.ForkedBooter.runSuitesInProcess(ForkedBooter.java:115)
	at org.apache.maven.surefire.booter.ForkedBooter.main(ForkedBooter.java:75)
INFO -:- com.marzeta.wfengine.service.ActivityEngine.run -:- Starting engine &apos;TestWorkflowEngine&apos;...
INFO -:- com.marzeta.wfengine.service.ActivityEngine.process -:- -----------
INFO -:- com.marzeta.wfengine.service.Activity.checkPreconditions -:- No pre-conditions exist for Activity,name=START,urgent=true,result=null
INFO -:- com.marzeta.wfengine.service.Activity.run -:- 2013_11_17-05.40.32.356 -&gt; Activity started: Activity,name=START,urgent=true,result=null
INFO -:- com.marzeta.wfengine.dao.ActivityDef.execute -:- Processing activity ActivityDef,name=START,urgent=true
INFO -:- com.marzeta.wfengine.service.Activity.run -:- 2013_11_17-05.40.32.356 -&gt; Finished activity: Activity,name=START,urgent=true,result=OK
INFO -:- com.marzeta.wfengine.service.Activity.checkPostconditions -:- No post-conditions exist for Activity,name=START,urgent=true,result=OK
INFO -:- com.marzeta.wfengine.service.Activity.checkPreconditions -:- No pre-conditions exist for Activity,name=Work,urgent=true,result=null
INFO -:- com.marzeta.wfengine.service.Activity.run -:- 2013_11_17-05.40.32.437 -&gt; Activity started: Activity,name=Work,urgent=true,result=null
INFO -:- com.marzeta.wfengine.service.Activity.run -:- 2013_11_17-05.40.32.437 -&gt; Finished activity: Activity,name=Work,urgent=true,result=YES
INFO -:- com.marzeta.wfengine.service.Activity.checkPostconditions -:- No post-conditions exist for Activity,name=Work,urgent=true,result=YES
INFO -:- com.marzeta.wfengine.service.Activity.checkPreconditions -:- No pre-conditions exist for Activity,name=Empty,urgent=true,result=null
INFO -:- com.marzeta.wfengine.service.Activity.run -:- 2013_11_17-05.40.32.438 -&gt; Activity started: Activity,name=Empty,urgent=true,result=null
WARNING -:- com.marzeta.wfengine.service.Activity.run -:- No result present, assigning result to default value: OK
INFO -:- com.marzeta.wfengine.service.Activity.run -:- 2013_11_17-05.40.32.438 -&gt; Finished activity: Activity,name=Empty,urgent=true,result=OK
INFO -:- com.marzeta.wfengine.service.Activity.checkPostconditions -:- No post-conditions exist for Activity,name=Empty,urgent=true,result=OK
INFO -:- com.marzeta.wfengine.service.Activity.checkPreconditions -:- No pre-conditions exist for Activity,name=STOP,urgent=true,result=null
INFO -:- com.marzeta.wfengine.service.Activity.run -:- 2013_11_17-05.40.32.439 -&gt; Activity started: Activity,name=STOP,urgent=true,result=null
INFO -:- com.marzeta.wfengine.dao.ActivityDef.execute -:- Processing activity ActivityDef,name=STOP,urgent=true
INFO -:- com.marzeta.wfengine.service.Activity.run -:- 2013_11_17-05.40.32.439 -&gt; Finished activity: Activity,name=STOP,urgent=true,result=OK
INFO -:- com.marzeta.wfengine.service.Activity.checkPostconditions -:- No post-conditions exist for Activity,name=STOP,urgent=true,result=OK
INFO -:- com.marzeta.wfengine.service.ActivityEngine.process -:- -----------
INFO -:- com.marzeta.wfengine.service.ActivityEngine.run -:- Stoping engine &apos;TestWorkflowEngine&apos;...

</system-err>
  </testcase>
  <testcase time="0.118" classname="com.marzeta.wfengine.service.ActivityEngineTest" name="testRunWithException"/>
  <testcase time="0.04" classname="com.marzeta.wfengine.service.ActivityEngineTest" name="testRunWithWithNoPropertiesFile"/>
</testsuite>